{"/Users/robertharbison/Documents/Workspace/super-validator/lib/core/Validator.ts": {"path":"/Users/robertharbison/Documents/Workspace/super-validator/lib/core/Validator.ts","statementMap":{"0":{"start":{"line":15,"column":30},"end":{"line":33,"column":1}},"1":{"start":{"line":16,"column":34},"end":{"line":16,"column":36}},"2":{"start":{"line":18,"column":27},"end":{"line":18,"column":53}},"3":{"start":{"line":19,"column":1},"end":{"line":30,"column":null}},"4":{"start":{"line":19,"column":14},"end":{"line":19,"column":15}},"5":{"start":{"line":20,"column":27},"end":{"line":20,"column":47}},"6":{"start":{"line":21,"column":19},"end":{"line":21,"column":50}},"7":{"start":{"line":22,"column":31},"end":{"line":22,"column":55}},"8":{"start":{"line":24,"column":27},"end":{"line":24,"column":73}},"9":{"start":{"line":25,"column":2},"end":{"line":29,"column":null}},"10":{"start":{"line":26,"column":35},"end":{"line":26,"column":37}},"11":{"start":{"line":27,"column":3},"end":{"line":27,"column":null}},"12":{"start":{"line":28,"column":3},"end":{"line":28,"column":null}},"13":{"start":{"line":32,"column":1},"end":{"line":32,"column":null}},"14":{"start":{"line":15,"column":13},"end":{"line":15,"column":30}},"15":{"start":{"line":42,"column":30},"end":{"line":48,"column":1}},"16":{"start":{"line":43,"column":1},"end":{"line":47,"column":null}},"17":{"start":{"line":44,"column":2},"end":{"line":44,"column":null}},"18":{"start":{"line":46,"column":2},"end":{"line":46,"column":null}},"19":{"start":{"line":42,"column":13},"end":{"line":42,"column":30}},"20":{"start":{"line":50,"column":31},"end":{"line":61,"column":1}},"21":{"start":{"line":51,"column":42},"end":{"line":51,"column":44}},"22":{"start":{"line":52,"column":22},"end":{"line":52,"column":48}},"23":{"start":{"line":54,"column":1},"end":{"line":58,"column":null}},"24":{"start":{"line":55,"column":2},"end":{"line":55,"column":null}},"25":{"start":{"line":57,"column":2},"end":{"line":57,"column":null}},"26":{"start":{"line":60,"column":1},"end":{"line":60,"column":null}},"27":{"start":{"line":63,"column":32},"end":{"line":79,"column":1}},"28":{"start":{"line":64,"column":42},"end":{"line":64,"column":44}},"29":{"start":{"line":65,"column":1},"end":{"line":76,"column":null}},"30":{"start":{"line":65,"column":14},"end":{"line":65,"column":15}},"31":{"start":{"line":66,"column":24},"end":{"line":66,"column":37}},"32":{"start":{"line":67,"column":23},"end":{"line":67,"column":53}},"33":{"start":{"line":69,"column":2},"end":{"line":75,"column":null}},"34":{"start":{"line":70,"column":3},"end":{"line":70,"column":null}},"35":{"start":{"line":71,"column":9},"end":{"line":75,"column":null}},"36":{"start":{"line":72,"column":3},"end":{"line":72,"column":null}},"37":{"start":{"line":74,"column":3},"end":{"line":74,"column":null}},"38":{"start":{"line":78,"column":1},"end":{"line":78,"column":null}},"39":{"start":{"line":81,"column":13},"end":{"line":84,"column":null}}},"fnMap":{"0":{"name":"(anonymous_1)","decl":{"start":{"line":15,"column":30},"end":{"line":15,"column":31}},"loc":{"start":{"line":15,"column":84},"end":{"line":33,"column":1}}},"1":{"name":"(anonymous_2)","decl":{"start":{"line":42,"column":30},"end":{"line":42,"column":31}},"loc":{"start":{"line":42,"column":118},"end":{"line":48,"column":1}}},"2":{"name":"(anonymous_3)","decl":{"start":{"line":50,"column":31},"end":{"line":50,"column":32}},"loc":{"start":{"line":50,"column":86},"end":{"line":61,"column":1}}},"3":{"name":"(anonymous_4)","decl":{"start":{"line":63,"column":32},"end":{"line":63,"column":33}},"loc":{"start":{"line":63,"column":90},"end":{"line":79,"column":1}}}},"branchMap":{"0":{"loc":{"start":{"line":25,"column":2},"end":{"line":29,"column":null}},"type":"if","locations":[{"start":{"line":25,"column":2},"end":{"line":29,"column":null}},{"start":{"line":25,"column":2},"end":{"line":29,"column":null}}]},"1":{"loc":{"start":{"line":25,"column":6},"end":{"line":25,"column":22}},"type":"binary-expr","locations":[{"start":{"line":25,"column":6},"end":{"line":25,"column":22}},{"start":{"line":25,"column":26},"end":{"line":25,"column":53}}]},"2":{"loc":{"start":{"line":43,"column":1},"end":{"line":47,"column":null}},"type":"if","locations":[{"start":{"line":43,"column":1},"end":{"line":47,"column":null}},{"start":{"line":43,"column":1},"end":{"line":47,"column":null}}]},"3":{"loc":{"start":{"line":54,"column":1},"end":{"line":58,"column":null}},"type":"if","locations":[{"start":{"line":54,"column":1},"end":{"line":58,"column":null}},{"start":{"line":54,"column":1},"end":{"line":58,"column":null}}]},"4":{"loc":{"start":{"line":69,"column":2},"end":{"line":75,"column":null}},"type":"if","locations":[{"start":{"line":69,"column":2},"end":{"line":75,"column":null}},{"start":{"line":69,"column":2},"end":{"line":75,"column":null}}]},"5":{"loc":{"start":{"line":71,"column":9},"end":{"line":75,"column":null}},"type":"if","locations":[{"start":{"line":71,"column":9},"end":{"line":75,"column":null}},{"start":{"line":71,"column":9},"end":{"line":75,"column":null}}]}},"s":{"0":1,"1":2,"2":2,"3":2,"4":2,"5":2,"6":2,"7":2,"8":2,"9":2,"10":1,"11":1,"12":1,"13":2,"14":1,"15":1,"16":6,"17":2,"18":4,"19":1,"20":1,"21":6,"22":6,"23":6,"24":2,"25":4,"26":6,"27":1,"28":6,"29":6,"30":6,"31":14,"32":14,"33":14,"34":2,"35":12,"36":6,"37":6,"38":6,"39":1},"f":{"0":2,"1":6,"2":6,"3":6},"b":{"0":[1,1],"1":[2,1],"2":[2,4],"3":[2,4],"4":[2,12],"5":[6,6]}}
,"/Users/robertharbison/Documents/Workspace/super-validator/lib/validators/DoesMatch.ts": {"path":"/Users/robertharbison/Documents/Workspace/super-validator/lib/validators/DoesMatch.ts","statementMap":{"0":{"start":{"line":4,"column":1},"end":{"line":5,"column":2}},"1":{"start":{"line":5,"column":1},"end":{"line":10,"column":null}},"2":{"start":{"line":6,"column":2},"end":{"line":8,"column":null}},"3":{"start":{"line":7,"column":3},"end":{"line":7,"column":null}},"4":{"start":{"line":9,"column":2},"end":{"line":9,"column":null}},"5":{"start":{"line":12,"column":0},"end":{"line":12,"column":null}}},"fnMap":{"0":{"name":"(anonymous_0)","decl":{"start":{"line":4,"column":1},"end":{"line":4,"column":2}},"loc":{"start":{"line":4,"column":42},"end":{"line":5,"column":2}}},"1":{"name":"(anonymous_1)","decl":{"start":{"line":5,"column":1},"end":{"line":5,"column":2}},"loc":{"start":{"line":5,"column":16},"end":{"line":10,"column":2}}}},"branchMap":{"0":{"loc":{"start":{"line":6,"column":2},"end":{"line":8,"column":null}},"type":"if","locations":[{"start":{"line":6,"column":2},"end":{"line":8,"column":null}},{"start":{"line":6,"column":2},"end":{"line":8,"column":null}}]},"1":{"loc":{"start":{"line":7,"column":10},"end":{"line":7,"column":23}},"type":"binary-expr","locations":[{"start":{"line":7,"column":10},"end":{"line":7,"column":23}},{"start":{"line":7,"column":27},"end":{"line":7,"column":40}}]}},"s":{"0":1,"1":3,"2":3,"3":2,"4":1,"5":1},"f":{"0":3,"1":3},"b":{"0":[2,1],"1":[2,1]}}
,"/Users/robertharbison/Documents/Workspace/super-validator/lib/validators/Max.ts": {"path":"/Users/robertharbison/Documents/Workspace/super-validator/lib/validators/Max.ts","statementMap":{"0":{"start":{"line":4,"column":1},"end":{"line":5,"column":2}},"1":{"start":{"line":5,"column":1},"end":{"line":10,"column":null}},"2":{"start":{"line":6,"column":2},"end":{"line":8,"column":null}},"3":{"start":{"line":7,"column":3},"end":{"line":7,"column":null}},"4":{"start":{"line":9,"column":2},"end":{"line":9,"column":null}},"5":{"start":{"line":12,"column":0},"end":{"line":12,"column":null}}},"fnMap":{"0":{"name":"(anonymous_0)","decl":{"start":{"line":4,"column":1},"end":{"line":4,"column":2}},"loc":{"start":{"line":4,"column":42},"end":{"line":5,"column":2}}},"1":{"name":"(anonymous_1)","decl":{"start":{"line":5,"column":1},"end":{"line":5,"column":2}},"loc":{"start":{"line":5,"column":15},"end":{"line":10,"column":2}}}},"branchMap":{"0":{"loc":{"start":{"line":6,"column":2},"end":{"line":8,"column":null}},"type":"if","locations":[{"start":{"line":6,"column":2},"end":{"line":8,"column":null}},{"start":{"line":6,"column":2},"end":{"line":8,"column":null}}]},"1":{"loc":{"start":{"line":6,"column":6},"end":{"line":6,"column":11}},"type":"binary-expr","locations":[{"start":{"line":6,"column":6},"end":{"line":6,"column":11}},{"start":{"line":6,"column":15},"end":{"line":6,"column":38}}]},"2":{"loc":{"start":{"line":7,"column":10},"end":{"line":7,"column":23}},"type":"binary-expr","locations":[{"start":{"line":7,"column":10},"end":{"line":7,"column":23}},{"start":{"line":7,"column":27},"end":{"line":7,"column":38}}]}},"s":{"0":1,"1":7,"2":7,"3":3,"4":4,"5":1},"f":{"0":7,"1":7},"b":{"0":[3,4],"1":[7,5],"2":[3,2]}}
,"/Users/robertharbison/Documents/Workspace/super-validator/lib/validators/Min.ts": {"path":"/Users/robertharbison/Documents/Workspace/super-validator/lib/validators/Min.ts","statementMap":{"0":{"start":{"line":4,"column":1},"end":{"line":5,"column":2}},"1":{"start":{"line":5,"column":1},"end":{"line":11,"column":null}},"2":{"start":{"line":6,"column":2},"end":{"line":8,"column":null}},"3":{"start":{"line":7,"column":3},"end":{"line":7,"column":null}},"4":{"start":{"line":10,"column":2},"end":{"line":10,"column":null}},"5":{"start":{"line":13,"column":0},"end":{"line":13,"column":null}}},"fnMap":{"0":{"name":"(anonymous_0)","decl":{"start":{"line":4,"column":1},"end":{"line":4,"column":2}},"loc":{"start":{"line":4,"column":42},"end":{"line":5,"column":2}}},"1":{"name":"(anonymous_1)","decl":{"start":{"line":5,"column":1},"end":{"line":5,"column":2}},"loc":{"start":{"line":5,"column":15},"end":{"line":11,"column":2}}}},"branchMap":{"0":{"loc":{"start":{"line":6,"column":2},"end":{"line":8,"column":null}},"type":"if","locations":[{"start":{"line":6,"column":2},"end":{"line":8,"column":null}},{"start":{"line":6,"column":2},"end":{"line":8,"column":null}}]},"1":{"loc":{"start":{"line":6,"column":6},"end":{"line":6,"column":11}},"type":"binary-expr","locations":[{"start":{"line":6,"column":6},"end":{"line":6,"column":11}},{"start":{"line":6,"column":15},"end":{"line":6,"column":38}}]},"2":{"loc":{"start":{"line":7,"column":10},"end":{"line":7,"column":23}},"type":"binary-expr","locations":[{"start":{"line":7,"column":10},"end":{"line":7,"column":23}},{"start":{"line":7,"column":27},"end":{"line":7,"column":39}}]}},"s":{"0":1,"1":7,"2":7,"3":3,"4":4,"5":1},"f":{"0":7,"1":7},"b":{"0":[3,4],"1":[7,5],"2":[3,2]}}
,"/Users/robertharbison/Documents/Workspace/super-validator/lib/validators/Required.ts": {"path":"/Users/robertharbison/Documents/Workspace/super-validator/lib/validators/Required.ts","statementMap":{"0":{"start":{"line":4,"column":1},"end":{"line":5,"column":2}},"1":{"start":{"line":5,"column":1},"end":{"line":11,"column":null}},"2":{"start":{"line":6,"column":2},"end":{"line":8,"column":null}},"3":{"start":{"line":7,"column":3},"end":{"line":7,"column":null}},"4":{"start":{"line":10,"column":2},"end":{"line":10,"column":null}},"5":{"start":{"line":13,"column":0},"end":{"line":13,"column":null}}},"fnMap":{"0":{"name":"(anonymous_0)","decl":{"start":{"line":4,"column":1},"end":{"line":4,"column":2}},"loc":{"start":{"line":4,"column":24},"end":{"line":5,"column":2}}},"1":{"name":"(anonymous_1)","decl":{"start":{"line":5,"column":1},"end":{"line":5,"column":2}},"loc":{"start":{"line":5,"column":16},"end":{"line":11,"column":2}}}},"branchMap":{"0":{"loc":{"start":{"line":6,"column":2},"end":{"line":8,"column":null}},"type":"if","locations":[{"start":{"line":6,"column":2},"end":{"line":8,"column":null}},{"start":{"line":6,"column":2},"end":{"line":8,"column":null}}]},"1":{"loc":{"start":{"line":6,"column":6},"end":{"line":6,"column":25}},"type":"binary-expr","locations":[{"start":{"line":6,"column":6},"end":{"line":6,"column":25}},{"start":{"line":6,"column":29},"end":{"line":6,"column":43}}]},"2":{"loc":{"start":{"line":7,"column":10},"end":{"line":7,"column":23}},"type":"binary-expr","locations":[{"start":{"line":7,"column":10},"end":{"line":7,"column":23}},{"start":{"line":7,"column":27},"end":{"line":7,"column":38}}]}},"s":{"0":1,"1":6,"2":6,"3":4,"4":2,"5":1},"f":{"0":6,"1":6},"b":{"0":[4,2],"1":[6,4],"2":[4,2]}}
}
