TN:
SF:lib/core/Validator.ts
FN:15,(anonymous_1)
FN:42,(anonymous_2)
FN:50,(anonymous_3)
FN:63,(anonymous_4)
FNF:4
FNH:4
FNDA:2,(anonymous_1)
FNDA:6,(anonymous_2)
FNDA:6,(anonymous_3)
FNDA:6,(anonymous_4)
DA:15,1
DA:16,2
DA:18,2
DA:19,2
DA:20,2
DA:21,2
DA:22,2
DA:24,2
DA:25,2
DA:26,1
DA:27,1
DA:28,1
DA:32,2
DA:42,1
DA:43,6
DA:44,2
DA:46,4
DA:50,1
DA:51,6
DA:52,6
DA:54,6
DA:55,2
DA:57,4
DA:60,6
DA:63,1
DA:64,6
DA:65,6
DA:66,14
DA:67,14
DA:69,14
DA:70,2
DA:71,12
DA:72,6
DA:74,6
DA:78,6
DA:81,1
LF:36
LH:36
BRDA:25,0,0,1
BRDA:25,0,1,1
BRDA:25,1,0,2
BRDA:25,1,1,1
BRDA:43,2,0,2
BRDA:43,2,1,4
BRDA:54,3,0,2
BRDA:54,3,1,4
BRDA:69,4,0,2
BRDA:69,4,1,12
BRDA:71,5,0,6
BRDA:71,5,1,6
BRF:12
BRH:12
end_of_record
TN:
SF:lib/validators/DoesMatch.ts
FN:4,(anonymous_0)
FN:5,(anonymous_1)
FNF:2
FNH:2
FNDA:3,(anonymous_0)
FNDA:3,(anonymous_1)
DA:4,1
DA:5,3
DA:6,3
DA:7,2
DA:9,1
DA:12,1
LF:6
LH:6
BRDA:6,0,0,2
BRDA:6,0,1,1
BRDA:7,1,0,2
BRDA:7,1,1,1
BRF:4
BRH:4
end_of_record
TN:
SF:lib/validators/Max.ts
FN:4,(anonymous_0)
FN:5,(anonymous_1)
FNF:2
FNH:2
FNDA:7,(anonymous_0)
FNDA:7,(anonymous_1)
DA:4,1
DA:5,7
DA:6,7
DA:7,3
DA:9,4
DA:12,1
LF:6
LH:6
BRDA:6,0,0,3
BRDA:6,0,1,4
BRDA:6,1,0,7
BRDA:6,1,1,5
BRDA:7,2,0,3
BRDA:7,2,1,2
BRF:6
BRH:6
end_of_record
TN:
SF:lib/validators/Min.ts
FN:4,(anonymous_0)
FN:5,(anonymous_1)
FNF:2
FNH:2
FNDA:7,(anonymous_0)
FNDA:7,(anonymous_1)
DA:4,1
DA:5,7
DA:6,7
DA:7,3
DA:10,4
DA:13,1
LF:6
LH:6
BRDA:6,0,0,3
BRDA:6,0,1,4
BRDA:6,1,0,7
BRDA:6,1,1,5
BRDA:7,2,0,3
BRDA:7,2,1,2
BRF:6
BRH:6
end_of_record
TN:
SF:lib/validators/Required.ts
FN:4,(anonymous_0)
FN:5,(anonymous_1)
FNF:2
FNH:2
FNDA:6,(anonymous_0)
FNDA:6,(anonymous_1)
DA:4,1
DA:5,6
DA:6,6
DA:7,4
DA:10,2
DA:13,1
LF:6
LH:6
BRDA:6,0,0,4
BRDA:6,0,1,2
BRDA:6,1,0,6
BRDA:6,1,1,4
BRDA:7,2,0,4
BRDA:7,2,1,2
BRF:6
BRH:6
end_of_record
